Build started 13.05.2016 12:09:15.
     1>Project "C:\Users\stud2015\Desktop\laba\d-kycha\d-kycha\sln\sample_sort\sample_sort.vcxproj" on node 2 (Build target(s)).
     1>InitializeBuildStatus:
         Creating "Debug\sample_sort.unsuccessfulbuild" because "AlwaysCreate" was specified.
       ClCompile:
         C:\Program Files (x86)\Microsoft Visual Studio 11.0\VC\bin\CL.exe /c /I..\..\include /ZI /nologo /W3 /WX- /sdl /Od /Oy- /D _MBCS /Gm /EHsc /RTC1 /MDd /GS /Zc:wchar_t /Zc:forScope /Fo"Debug\\" /Fd"Debug\vc110.pdb" /Gd /TP /analyze- /errorReport:prompt ..\..\samples\heapsort.cpp
         heapsort.cpp
     1>c:\users\stud2015\desktop\laba\d-kycha\d-kycha\include\d-heap.h(250): warning C4244: '+=' : conversion from 'double' to 'int', possible loss of data
                 c:\users\stud2015\desktop\laba\d-kycha\d-kycha\include\d-heap.h(246) : while compiling class template member function 'void DHeap<HType>::vyvod(void)'
                 with
                 [
                     HType=int
                 ]
                 c:\users\stud2015\desktop\laba\d-kycha\d-kycha\samples\heapsort.cpp(22) : see reference to function template instantiation 'void DHeap<HType>::vyvod(void)' being compiled
                 with
                 [
                     HType=int
                 ]
                 c:\users\stud2015\desktop\laba\d-kycha\d-kycha\samples\heapsort.cpp(10) : see reference to class template instantiation 'DHeap<HType>' being compiled
                 with
                 [
                     HType=int
                 ]
     1>c:\users\stud2015\desktop\laba\d-kycha\d-kycha\include\d-heap.h(262): warning C4244: '+=' : conversion from 'double' to 'int', possible loss of data
       Link:
         C:\Program Files (x86)\Microsoft Visual Studio 11.0\VC\bin\link.exe /ERRORREPORT:PROMPT /OUT:"C:\Users\stud2015\Desktop\laba\d-kycha\d-kycha\sln\Debug\sample_sort.exe" /INCREMENTAL /NOLOGO kernel32.lib user32.lib gdi32.lib winspool.lib comdlg32.lib advapi32.lib shell32.lib ole32.lib oleaut32.lib uuid.lib odbc32.lib odbccp32.lib /MANIFEST /MANIFESTUAC:"level='asInvoker' uiAccess='false'" /manifest:embed /DEBUG /PDB:"C:\Users\stud2015\Desktop\laba\d-kycha\d-kycha\sln\Debug\sample_sort.pdb" /SUBSYSTEM:CONSOLE /TLBID:1 /DYNAMICBASE /NXCOMPAT /IMPLIB:"C:\Users\stud2015\Desktop\laba\d-kycha\d-kycha\sln\Debug\sample_sort.lib" /MACHINE:X86 Debug\heapsort.obj
         sample_sort.vcxproj -> C:\Users\stud2015\Desktop\laba\d-kycha\d-kycha\sln\Debug\sample_sort.exe
       FinalizeBuildStatus:
         Deleting file "Debug\sample_sort.unsuccessfulbuild".
         Touching "Debug\sample_sort.lastbuildstate".
     1>Done Building Project "C:\Users\stud2015\Desktop\laba\d-kycha\d-kycha\sln\sample_sort\sample_sort.vcxproj" (Build target(s)).

Build succeeded.

Time Elapsed 00:00:01.39
