C:\USERS\STUD2015\DESKTOP\LABA\D-KYCHA\SLN\SAMPLE_SORT\DEBUG\HEAPSORT.OBJ
C:\USERS\STUD2015\DESKTOP\LABA\D-KYCHA\SLN\SAMPLE_SORT\DEBUG\VC110.PDB
C:\USERS\STUD2015\DESKTOP\LABA\D-KYCHA\SLN\DEBUG\SAMPLE_SORT.ILK
C:\USERS\STUD2015\DESKTOP\LABA\D-KYCHA\SLN\DEBUG\SAMPLE_SORT.EXE
C:\USERS\STUD2015\DESKTOP\LABA\D-KYCHA\SLN\DEBUG\SAMPLE_SORT.PDB
C:\Users\stud2015\Desktop\laba\d-kycha\sln\sample_sort\Debug\heapsort.obj
C:\Users\stud2015\Desktop\laba\d-kycha\sln\sample_sort\Debug\cl.command.1.tlog
C:\Users\stud2015\Desktop\laba\d-kycha\sln\sample_sort\Debug\CL.read.1.tlog
C:\Users\stud2015\Desktop\laba\d-kycha\sln\sample_sort\Debug\CL.write.1.tlog
C:\Users\stud2015\Desktop\laba\d-kycha\sln\sample_sort\Debug\link-cvtres.read.1.tlog
C:\Users\stud2015\Desktop\laba\d-kycha\sln\sample_sort\Debug\link-cvtres.write.1.tlog
C:\Users\stud2015\Desktop\laba\d-kycha\sln\sample_sort\Debug\link-rc.read.1.tlog
C:\Users\stud2015\Desktop\laba\d-kycha\sln\sample_sort\Debug\link-rc.write.1.tlog
C:\Users\stud2015\Desktop\laba\d-kycha\sln\sample_sort\Debug\link.command.1.tlog
C:\Users\stud2015\Desktop\laba\d-kycha\sln\sample_sort\Debug\link.read.1.tlog
C:\Users\stud2015\Desktop\laba\d-kycha\sln\sample_sort\Debug\link.write.1.tlog
C:\Users\stud2015\Desktop\laba\d-kycha\sln\sample_sort\Debug\vc110.idb
C:\Users\stud2015\Desktop\laba\d-kycha\sln\sample_sort\Debug\vc110.pdb
C:\Users\stud2015\Desktop\laba\d-kycha\sln\Debug\sample_sort.pdb
C:\Users\stud2015\Desktop\laba\d-kycha\sln\Debug\sample_sort.exe
C:\Users\stud2015\Desktop\laba\d-kycha\sln\Debug\sample_sort.ilk
