C:\USERS\Александр\DESKTOP\LABA\D-KYCHA\SLN\SAMPLE_HEAPSORT\DEBUG\.NETFRAMEWORK,VERSION=V4.5.ASSEMBLYATTRIBUTES.OBJ
C:\USERS\АЛЕКСАНДР\DESKTOP\LABA\D-KYCHA\SLN\SAMPLE_HEAPSORT\DEBUG\VC110.PDB
C:\USERS\Александр\DESKTOP\LABA\D-KYCHA\SLN\SAMPLE_HEAPSORT\DEBUG\HEAPSORT.OBJ
C:\USERS\Александр\DESKTOP\LABA\D-KYCHA\SLN\DEBUG\SAMPLE_HEAPSORT.ILK
C:\USERS\Александр\DESKTOP\LABA\D-KYCHA\SLN\DEBUG\SAMPLE_HEAPSORT.EXE
C:\USERS\АЛЕКСАНДР\DESKTOP\LABA\D-KYCHA\SLN\DEBUG\SAMPLE_HEAPSORT.PDB
C:\USERS\АЛЕКСАНДР\DESKTOP\LABA\D-KYCHA\SLN\SAMPLE_HEAPSORT\DEBUG\METAGEN.WRITE.1.TLOG
C:\Users\Александр\Desktop\laba\d-kycha\sln\sample_heapsort\Debug\sample_heapsort.HeapSort.resources
C:\Users\Александр\Desktop\laba\d-kycha\sln\sample_heapsort\Debug\sample_heapsort.vcxproj.GenerateResource.Cache
C:\Users\Александр\Desktop\laba\d-kycha\sln\sample_heapsort\Debug\.NETFramework,Version=v4.5.AssemblyAttributes.obj
C:\Users\Александр\Desktop\laba\d-kycha\sln\sample_heapsort\Debug\HeapSort.obj
C:\Users\Александр\Desktop\laba\d-kycha\sln\sample_heapsort\Debug\cl.command.1.tlog
C:\Users\Александр\Desktop\laba\d-kycha\sln\sample_heapsort\Debug\CL.read.1.tlog
C:\Users\Александр\Desktop\laba\d-kycha\sln\sample_heapsort\Debug\CL.write.1.tlog
C:\Users\Александр\Desktop\laba\d-kycha\sln\sample_heapsort\Debug\link.4216-cvtres.read.1.tlog
C:\Users\Александр\Desktop\laba\d-kycha\sln\sample_heapsort\Debug\link.4216-cvtres.write.1.tlog
C:\Users\Александр\Desktop\laba\d-kycha\sln\sample_heapsort\Debug\link.4216-rc.read.1.tlog
C:\Users\Александр\Desktop\laba\d-kycha\sln\sample_heapsort\Debug\link.4216-rc.write.1.tlog
C:\Users\Александр\Desktop\laba\d-kycha\sln\sample_heapsort\Debug\link.4216.read.1.tlog
C:\Users\Александр\Desktop\laba\d-kycha\sln\sample_heapsort\Debug\link.4216.write.1.tlog
C:\Users\Александр\Desktop\laba\d-kycha\sln\sample_heapsort\Debug\link.8256-cvtres.read.1.tlog
C:\Users\Александр\Desktop\laba\d-kycha\sln\sample_heapsort\Debug\link.8256-cvtres.write.1.tlog
C:\Users\Александр\Desktop\laba\d-kycha\sln\sample_heapsort\Debug\link.8256-rc.read.1.tlog
C:\Users\Александр\Desktop\laba\d-kycha\sln\sample_heapsort\Debug\link.8256-rc.write.1.tlog
C:\Users\Александр\Desktop\laba\d-kycha\sln\sample_heapsort\Debug\link.8256.read.1.tlog
C:\Users\Александр\Desktop\laba\d-kycha\sln\sample_heapsort\Debug\link.8256.write.1.tlog
C:\Users\Александр\Desktop\laba\d-kycha\sln\sample_heapsort\Debug\link.command.1.tlog
C:\Users\Александр\Desktop\laba\d-kycha\sln\sample_heapsort\Debug\link.read.1.tlog
C:\Users\Александр\Desktop\laba\d-kycha\sln\sample_heapsort\Debug\link.write.1.tlog
C:\Users\Александр\Desktop\laba\d-kycha\sln\sample_heapsort\Debug\metagen.read.1.tlog
C:\Users\Александр\Desktop\laba\d-kycha\sln\sample_heapsort\Debug\metagen.write.1.tlog
C:\Users\Александр\Desktop\laba\d-kycha\sln\sample_heapsort\Debug\sample_heapsort.write.1.tlog
C:\Users\Александр\Desktop\laba\d-kycha\sln\sample_heapsort\Debug\vc110.pdb
C:\Users\Александр\Desktop\laba\d-kycha\sln\sample_heapsort\Debug\MICROSOFT.VISUALBASIC.POWERPACKS.VS.DLL.metagen
C:\Users\Александр\Desktop\laba\d-kycha\sln\sample_heapsort\Debug\TZRES.DLL.bi
C:\Users\Александр\Desktop\laba\d-kycha\sln\Debug\sample_heapsort.pdb
C:\Users\Александр\Desktop\laba\d-kycha\sln\Debug\sample_heapsort.exe
C:\Users\Александр\Desktop\laba\d-kycha\sln\Debug\sample_heapsort.ilk
