C:\USERS\STUD2015\DESKTOP\LABA\D-KYCHA\SLN\D-KYCHA\SAMPLES\DEBUG\SAMPLE_D-KYCHA.OBJ
C:\USERS\STUD2015\DESKTOP\LABA\D-KYCHA\SLN\D-KYCHA\SAMPLES\DEBUG\VC110.PDB
C:\USERS\STUD2015\DESKTOP\LABA\D-KYCHA\SLN\D-KYCHA\DEBUG\SAMPLES.ILK
C:\USERS\STUD2015\DESKTOP\LABA\D-KYCHA\SLN\D-KYCHA\DEBUG\SAMPLES.EXE
C:\USERS\STUD2015\DESKTOP\LABA\D-KYCHA\SLN\D-KYCHA\DEBUG\SAMPLES.PDB
C:\Users\stud2015\Desktop\laba\d-kycha\sln\d-kycha\samples\Debug\sample_d-kycha.obj
C:\Users\stud2015\Desktop\laba\d-kycha\sln\d-kycha\samples\Debug\cl.command.1.tlog
C:\Users\stud2015\Desktop\laba\d-kycha\sln\d-kycha\samples\Debug\CL.read.1.tlog
C:\Users\stud2015\Desktop\laba\d-kycha\sln\d-kycha\samples\Debug\CL.write.1.tlog
C:\Users\stud2015\Desktop\laba\d-kycha\sln\d-kycha\samples\Debug\link-cvtres.read.1.tlog
C:\Users\stud2015\Desktop\laba\d-kycha\sln\d-kycha\samples\Debug\link-cvtres.write.1.tlog
C:\Users\stud2015\Desktop\laba\d-kycha\sln\d-kycha\samples\Debug\link-rc.read.1.tlog
C:\Users\stud2015\Desktop\laba\d-kycha\sln\d-kycha\samples\Debug\link-rc.write.1.tlog
C:\Users\stud2015\Desktop\laba\d-kycha\sln\d-kycha\samples\Debug\link.command.1.tlog
C:\Users\stud2015\Desktop\laba\d-kycha\sln\d-kycha\samples\Debug\link.read.1.tlog
C:\Users\stud2015\Desktop\laba\d-kycha\sln\d-kycha\samples\Debug\link.write.1.tlog
C:\Users\stud2015\Desktop\laba\d-kycha\sln\d-kycha\samples\Debug\vc110.idb
C:\Users\stud2015\Desktop\laba\d-kycha\sln\d-kycha\samples\Debug\vc110.pdb
C:\Users\stud2015\Desktop\laba\d-kycha\sln\d-kycha\Debug\samples.pdb
C:\Users\stud2015\Desktop\laba\d-kycha\sln\d-kycha\Debug\samples.exe
C:\Users\stud2015\Desktop\laba\d-kycha\sln\d-kycha\Debug\samples.ilk
