Build started 06.05.2016 11:58:01.
     1>Project "C:\Users\stud2015\Desktop\laba\d-kycha\sln\sample_set\sample_set.vcxproj" on node 2 (Build target(s)).
     1>InitializeBuildStatus:
         Touching "Release\sample_set.unsuccessfulbuild".
       ClCompile:
         C:\Program Files (x86)\Microsoft Visual Studio 11.0\VC\bin\CL.exe /c /I..\..\include /Zi /nologo /W3 /WX- /sdl /O2 /Oi /Oy- /GL /D _MBCS /Gm- /EHsc /MD /GS /Gy /Zc:wchar_t /Zc:forScope /Fo"Release\\" /Fd"Release\vc110.pdb" /Gd /TP /analyze- /errorReport:prompt ..\..\samples\kruskal.cpp
         kruskal.cpp
     1>..\..\samples\kruskal.cpp(26): warning C4244: 'argument' : conversion from 'int' to 'float', possible loss of data
     1>..\..\samples\kruskal.cpp(49): warning C4244: 'argument' : conversion from 'int' to 'float', possible loss of data
     1>c:\users\stud2015\desktop\laba\d-kycha\include\graphs.h(133): warning C4244: 'argument' : conversion from 'time_t' to 'unsigned int', possible loss of data
                 c:\users\stud2015\desktop\laba\d-kycha\include\graphs.h(127) : while compiling class template member function 'void Graph<HType>::createGraph(HType,HType)'
                 with
                 [
                     HType=float
                 ]
                 ..\..\samples\kruskal.cpp(26) : see reference to function template instantiation 'void Graph<HType>::createGraph(HType,HType)' being compiled
                 with
                 [
                     HType=float
                 ]
                 ..\..\samples\kruskal.cpp(14) : see reference to class template instantiation 'Graph<HType>' being compiled
                 with
                 [
                     HType=float
                 ]
     1>C:\Users\stud2015\Desktop\laba\d-kycha\include\sets.h(32): warning C4244: 'initializing' : conversion from 'float' to 'unsigned int', possible loss of data
                 C:\Users\stud2015\Desktop\laba\d-kycha\include\sets.h(30) : while compiling class template member function 'sets<HType>::sets(HType)'
                 with
                 [
                     HType=float
                 ]
                 ..\..\samples\kruskal.cpp(49) : see reference to function template instantiation 'sets<HType>::sets(HType)' being compiled
                 with
                 [
                     HType=float
                 ]
                 ..\..\samples\kruskal.cpp(49) : see reference to class template instantiation 'sets<HType>' being compiled
                 with
                 [
                     HType=float
                 ]
     1>C:\Users\stud2015\Desktop\laba\d-kycha\include\sets.h(147): warning C4244: 'argument' : conversion from 'int' to 'float', possible loss of data
                 C:\Users\stud2015\Desktop\laba\d-kycha\include\sets.h(141) : while compiling class template member function 'Graph<HType> *sets<HType>::kruskal(Graph<HType> *&)'
                 with
                 [
                     HType=float
                 ]
                 ..\..\samples\kruskal.cpp(51) : see reference to function template instantiation 'Graph<HType> *sets<HType>::kruskal(Graph<HType> *&)' being compiled
                 with
                 [
                     HType=float
                 ]
     1>C:\Users\stud2015\Desktop\laba\d-kycha\include\sets.h(149): warning C4244: 'argument' : conversion from 'int' to 'float', possible loss of data
     1>C:\Users\stud2015\Desktop\laba\d-kycha\include\sets.h(159): warning C4244: 'initializing' : conversion from 'float' to 'int', possible loss of data
     1>C:\Users\stud2015\Desktop\laba\d-kycha\include\sets.h(160): warning C4244: 'argument' : conversion from 'int' to 'float', possible loss of data
     1>C:\Users\stud2015\Desktop\laba\d-kycha\include\sets.h(160): warning C4244: 'initializing' : conversion from 'float' to 'int', possible loss of data
     1>C:\Users\stud2015\Desktop\laba\d-kycha\include\sets.h(161): warning C4244: 'argument' : conversion from 'int' to 'float', possible loss of data
     1>C:\Users\stud2015\Desktop\laba\d-kycha\include\sets.h(161): warning C4244: 'initializing' : conversion from 'float' to 'int', possible loss of data
     1>C:\Users\stud2015\Desktop\laba\d-kycha\include\sets.h(164): warning C4244: 'argument' : conversion from 'int' to 'float', possible loss of data
     1>C:\Users\stud2015\Desktop\laba\d-kycha\include\sets.h(165): warning C4244: 'argument' : conversion from 'int' to 'float', possible loss of data
       Link:
         C:\Program Files (x86)\Microsoft Visual Studio 11.0\VC\bin\link.exe /ERRORREPORT:PROMPT /OUT:"C:\Users\stud2015\Desktop\laba\d-kycha\sln\Release\sample_set.exe" /NOLOGO kernel32.lib user32.lib gdi32.lib winspool.lib comdlg32.lib advapi32.lib shell32.lib ole32.lib oleaut32.lib uuid.lib odbc32.lib odbccp32.lib /MANIFEST /MANIFESTUAC:"level='asInvoker' uiAccess='false'" /manifest:embed /DEBUG /PDB:"C:\Users\stud2015\Desktop\laba\d-kycha\sln\Release\sample_set.pdb" /SUBSYSTEM:CONSOLE /OPT:REF /OPT:ICF /LTCG /TLBID:1 /DYNAMICBASE /NXCOMPAT /IMPLIB:"C:\Users\stud2015\Desktop\laba\d-kycha\sln\Release\sample_set.lib" /MACHINE:X86 /SAFESEH Release\kruskal.obj
         Generating code
         Finished generating code
         sample_set.vcxproj -> C:\Users\stud2015\Desktop\laba\d-kycha\sln\Release\sample_set.exe
       FinalizeBuildStatus:
         Deleting file "Release\sample_set.unsuccessfulbuild".
         Touching "Release\sample_set.lastbuildstate".
     1>Done Building Project "C:\Users\stud2015\Desktop\laba\d-kycha\sln\sample_set\sample_set.vcxproj" (Build target(s)).

Build succeeded.

Time Elapsed 00:00:00.92
