C:\USERS\STUD2015\DESKTOP\LABA\D-KYCHA\SLN\SAMPLE_SET\DEBUG\KRUSKAL.OBJ
C:\USERS\STUD2015\DESKTOP\LABA\D-KYCHA\SLN\SAMPLE_SET\DEBUG\VC110.PDB
C:\USERS\STUD2015\DESKTOP\LABA\D-KYCHA\SLN\DEBUG\SAMPLE_SET.ILK
C:\USERS\STUD2015\DESKTOP\LABA\D-KYCHA\SLN\DEBUG\SAMPLE_SET.EXE
C:\USERS\STUD2015\DESKTOP\LABA\D-KYCHA\SLN\DEBUG\SAMPLE_SET.PDB
C:\Users\stud2015\Desktop\laba\d-kycha\sln\sample_set\Debug\kruskal.obj
C:\Users\stud2015\Desktop\laba\d-kycha\sln\sample_set\Debug\cl.command.1.tlog
C:\Users\stud2015\Desktop\laba\d-kycha\sln\sample_set\Debug\CL.read.1.tlog
C:\Users\stud2015\Desktop\laba\d-kycha\sln\sample_set\Debug\CL.write.1.tlog
C:\Users\stud2015\Desktop\laba\d-kycha\sln\sample_set\Debug\link-cvtres.read.1.tlog
C:\Users\stud2015\Desktop\laba\d-kycha\sln\sample_set\Debug\link-cvtres.write.1.tlog
C:\Users\stud2015\Desktop\laba\d-kycha\sln\sample_set\Debug\link-rc.read.1.tlog
C:\Users\stud2015\Desktop\laba\d-kycha\sln\sample_set\Debug\link-rc.write.1.tlog
C:\Users\stud2015\Desktop\laba\d-kycha\sln\sample_set\Debug\link.command.1.tlog
C:\Users\stud2015\Desktop\laba\d-kycha\sln\sample_set\Debug\link.read.1.tlog
C:\Users\stud2015\Desktop\laba\d-kycha\sln\sample_set\Debug\link.write.1.tlog
C:\Users\stud2015\Desktop\laba\d-kycha\sln\sample_set\Debug\vc110.idb
C:\Users\stud2015\Desktop\laba\d-kycha\sln\sample_set\Debug\vc110.pdb
C:\Users\stud2015\Desktop\laba\d-kycha\sln\Debug\sample_set.pdb
C:\Users\stud2015\Desktop\laba\d-kycha\sln\Debug\sample_set.exe
C:\Users\stud2015\Desktop\laba\d-kycha\sln\Debug\sample_set.ilk
