Build started 13.05.2016 12:12:17.
     1>Project "C:\Users\stud2015\Desktop\laba\d-kycha\d-kycha\sln\sample_set\sample_set.vcxproj" on node 2 (Build target(s)).
     1>InitializeBuildStatus:
         Creating "Debug\sample_kruskal.unsuccessfulbuild" because "AlwaysCreate" was specified.
       ClCompile:
         C:\Program Files (x86)\Microsoft Visual Studio 11.0\VC\bin\CL.exe /c /I..\..\include /ZI /nologo /W3 /WX- /sdl /Od /Oy- /D _MBCS /Gm /EHsc /RTC1 /MDd /GS /Zc:wchar_t /Zc:forScope /Fo"Debug\\" /Fd"Debug\vc110.pdb" /Gd /TP /analyze- /errorReport:prompt ..\..\samples\kruskal.cpp
         kruskal.cpp
     1>c:\users\stud2015\desktop\laba\d-kycha\d-kycha\samples\kruskal.cpp(39): warning C4244: 'argument' : conversion from 'int' to 'float', possible loss of data
     1>c:\users\stud2015\desktop\laba\d-kycha\d-kycha\samples\kruskal.cpp(92): warning C4244: 'argument' : conversion from 'time_t' to 'unsigned int', possible loss of data
     1>c:\users\stud2015\desktop\laba\d-kycha\d-kycha\include\graphs.h(133): warning C4244: 'argument' : conversion from 'time_t' to 'unsigned int', possible loss of data
                 c:\users\stud2015\desktop\laba\d-kycha\d-kycha\include\graphs.h(127) : while compiling class template member function 'void Graph<HType>::createGraph(HType,HType)'
                 with
                 [
                     HType=float
                 ]
                 c:\users\stud2015\desktop\laba\d-kycha\d-kycha\samples\kruskal.cpp(39) : see reference to function template instantiation 'void Graph<HType>::createGraph(HType,HType)' being compiled
                 with
                 [
                     HType=float
                 ]
                 c:\users\stud2015\desktop\laba\d-kycha\d-kycha\samples\kruskal.cpp(26) : see reference to class template instantiation 'Graph<HType>' being compiled
                 with
                 [
                     HType=float
                 ]
       Link:
         C:\Program Files (x86)\Microsoft Visual Studio 11.0\VC\bin\link.exe /ERRORREPORT:PROMPT /OUT:"C:\Users\stud2015\Desktop\laba\d-kycha\d-kycha\sln\Debug\sample_kruskal.exe" /INCREMENTAL /NOLOGO kernel32.lib user32.lib gdi32.lib winspool.lib comdlg32.lib advapi32.lib shell32.lib ole32.lib oleaut32.lib uuid.lib odbc32.lib odbccp32.lib /MANIFEST /MANIFESTUAC:"level='asInvoker' uiAccess='false'" /manifest:embed /DEBUG /PDB:"C:\Users\stud2015\Desktop\laba\d-kycha\d-kycha\sln\Debug\sample_kruskal.pdb" /SUBSYSTEM:CONSOLE /TLBID:1 /DYNAMICBASE /NXCOMPAT /IMPLIB:"C:\Users\stud2015\Desktop\laba\d-kycha\d-kycha\sln\Debug\sample_kruskal.lib" /MACHINE:X86 Debug\kruskal.obj
         sample_set.vcxproj -> C:\Users\stud2015\Desktop\laba\d-kycha\d-kycha\sln\Debug\sample_kruskal.exe
       FinalizeBuildStatus:
         Deleting file "Debug\sample_kruskal.unsuccessfulbuild".
         Touching "Debug\sample_kruskal.lastbuildstate".
     1>Done Building Project "C:\Users\stud2015\Desktop\laba\d-kycha\d-kycha\sln\sample_set\sample_set.vcxproj" (Build target(s)).

Build succeeded.

Time Elapsed 00:00:01.07
