C:\USERS\STUD2015\DESKTOP\LABA\D-KYCHA\SLN\SAMPLE_DEYKSTRA\DEBUG\DEYKSTRA.OBJ
C:\USERS\STUD2015\DESKTOP\LABA\D-KYCHA\SLN\SAMPLE_DEYKSTRA\DEBUG\VC110.PDB
C:\USERS\STUD2015\DESKTOP\LABA\D-KYCHA\SLN\DEBUG\SAMPLE_DEYKSTRA.ILK
C:\USERS\STUD2015\DESKTOP\LABA\D-KYCHA\SLN\DEBUG\SAMPLE_DEYKSTRA.EXE
C:\USERS\STUD2015\DESKTOP\LABA\D-KYCHA\SLN\DEBUG\SAMPLE_DEYKSTRA.PDB
C:\Users\stud2015\Desktop\laba\d-kycha\sln\sample_deykstra\Debug\deykstra.obj
C:\Users\stud2015\Desktop\laba\d-kycha\sln\sample_deykstra\Debug\cl.command.1.tlog
C:\Users\stud2015\Desktop\laba\d-kycha\sln\sample_deykstra\Debug\CL.read.1.tlog
C:\Users\stud2015\Desktop\laba\d-kycha\sln\sample_deykstra\Debug\CL.write.1.tlog
C:\Users\stud2015\Desktop\laba\d-kycha\sln\sample_deykstra\Debug\link-cvtres.read.1.tlog
C:\Users\stud2015\Desktop\laba\d-kycha\sln\sample_deykstra\Debug\link-cvtres.write.1.tlog
C:\Users\stud2015\Desktop\laba\d-kycha\sln\sample_deykstra\Debug\link-rc.read.1.tlog
C:\Users\stud2015\Desktop\laba\d-kycha\sln\sample_deykstra\Debug\link-rc.write.1.tlog
C:\Users\stud2015\Desktop\laba\d-kycha\sln\sample_deykstra\Debug\link.command.1.tlog
C:\Users\stud2015\Desktop\laba\d-kycha\sln\sample_deykstra\Debug\link.read.1.tlog
C:\Users\stud2015\Desktop\laba\d-kycha\sln\sample_deykstra\Debug\link.write.1.tlog
C:\Users\stud2015\Desktop\laba\d-kycha\sln\sample_deykstra\Debug\vc110.idb
C:\Users\stud2015\Desktop\laba\d-kycha\sln\sample_deykstra\Debug\vc110.pdb
C:\Users\stud2015\Desktop\laba\d-kycha\sln\Debug\sample_deykstra.pdb
C:\Users\stud2015\Desktop\laba\d-kycha\sln\Debug\sample_deykstra.exe
C:\Users\stud2015\Desktop\laba\d-kycha\sln\Debug\sample_deykstra.ilk
